<?xml version="1.0" encoding="UTF-8"?>
<Site BuildName="Win32-mingw32-make"
	BuildStamp="20240530-1300-Experimental"
	Name="DESKTOP-HB802T2"
	Generator="ctest-3.29.3"
	CompilerName="C:/msys64/mingw64/bin/g++.exe"
	CompilerVersion="14.1.0"
	OSName="Windows"
	Hostname="DESKTOP-HB802T2"
	OSRelease=" Personal"
	OSVersion=" (Build 19045)"
	OSPlatform="AMD64"
	Is64Bits="1"
	VendorString="AuthenticAMD"
	VendorID="Advanced Micro Devices"
	FamilyID="15"
	ModelID="1"
	ProcessorCacheSize="64"
	NumberOfLogicalCPU="12"
	NumberOfPhysicalCPU="6"
	TotalVirtualMemory="37558"
	TotalPhysicalMemory="32694"
	LogicalProcessorsPerPhysical="2"
	ProcessorClockFrequency="3600"
	>
	<Testing>
		<StartDateTime>May 30 18:26 Hora est[NON-UTF-8-BYTE-0xE1]ndar de Argentina</StartDateTime>
		<StartTestTime>1717104399</StartTestTime>
		<TestList/>
		<EndDateTime>May 30 18:26 Hora est[NON-UTF-8-BYTE-0xE1]ndar de Argentina</EndDateTime>
		<EndTestTime>1717104399</EndTestTime>
		<ElapsedMinutes>0</ElapsedMinutes>
	</Testing>
</Site>
